<?xml version="1.0" encoding="UTF-8"?>
<robot generator="Robot 3.1.2 (Python 3.8.0 on win32)" generated="20191027 17:04:13.464" rpa="false">
<suite id="s1" name="Testscripts" source="C:\Users\TEST\Desktop\robot-framework-workshop\robot-framework-workshop-day1\testscripts">
<suite id="s1-s1" name="Demo Resouce File" source="C:\Users\TEST\Desktop\robot-framework-workshop\robot-framework-workshop-day1\testscripts\demo_resouce_file.robot">
<kw name="Ecommerce suit setup" library="common" type="setup">
<kw name="Open Browser" library="SeleniumLibrary">
<doc>Opens a new browser instance to the optional ``url``.</doc>
<arguments>
<arg>url=${URL}</arg>
<arg>browser=${BROWSER}</arg>
</arguments>
<msg timestamp="20191027 17:04:13.742" level="INFO">Opening browser 'chrome' to base url 'http://automationpractice.com/index.php'.</msg>
<kw name="Capture Page Screenshot" library="SeleniumLibrary">
<doc>Takes a screenshot of the current page and embeds it into a log file.</doc>
<status status="FAIL" starttime="20191027 17:04:14.781" endtime="20191027 17:04:14.781"></status>
</kw>
<msg timestamp="20191027 17:04:14.781" level="WARN">Keyword 'Capture Page Screenshot' could not be run on failure: Execution terminated by signal</msg>
<status status="FAIL" starttime="20191027 17:04:13.741" endtime="20191027 17:04:14.782"></status>
</kw>
<status status="FAIL" starttime="20191027 17:04:13.741" endtime="20191027 17:04:14.783"></status>
</kw>
<test id="s1-s1-t1" name="TEST IMPORT SELENIUM RESOURCE FILE">
<tags>
<tag>robot:exit</tag>
</tags>
<status status="FAIL" starttime="20191027 17:04:14.783" endtime="20191027 17:04:14.787" critical="yes">Test execution stopped due to a fatal error.</status>
</test>
<test id="s1-s1-t2" name="DEMO PAGE RESOURCE">
<tags>
<tag>robot:exit</tag>
</tags>
<status status="FAIL" starttime="20191027 17:04:14.791" endtime="20191027 17:04:14.794" critical="yes">Test execution stopped due to a fatal error.</status>
</test>
<kw name="Ecommerce suit teardown" library="common" type="teardown">
<kw name="Close Browser" library="SeleniumLibrary">
<doc>Closes the current browser.</doc>
<status status="PASS" starttime="20191027 17:04:14.799" endtime="20191027 17:04:14.800"></status>
</kw>
<status status="PASS" starttime="20191027 17:04:14.799" endtime="20191027 17:04:14.800"></status>
</kw>
<status status="FAIL" starttime="20191027 17:04:13.496" endtime="20191027 17:04:14.800">Suite setup failed:
Execution terminated by signal</status>
</suite>
<status status="FAIL" starttime="20191027 17:04:13.465" endtime="20191027 17:04:14.826"></status>
</suite>
<statistics>
<total>
<stat pass="0" fail="2">Critical Tests</stat>
<stat pass="0" fail="2">All Tests</stat>
</total>
<tag>
<stat pass="0" fail="0" info="combined" combined="NOT robot:exit">NOT robot:exit</stat>
<stat pass="0" fail="2">robot:exit</stat>
</tag>
<suite>
<stat pass="0" fail="2" id="s1" name="Testscripts">Testscripts</stat>
<stat pass="0" fail="2" id="s1-s1" name="Demo Resouce File">Testscripts.Demo Resouce File</stat>
</suite>
</statistics>
<errors>
<msg timestamp="20191027 17:04:14.781" level="WARN">Keyword 'Capture Page Screenshot' could not be run on failure: Execution terminated by signal</msg>
</errors>
</robot>
